[2015-07-10 16:19:23(631)]	AnyChat Server SDK Init,V5.2, Build Time:Jun  5 2015 21:57:57
[2015-07-10 16:19:23(631)]	Invoke	BRAS_InitSDK(0x0)
[2015-07-10 16:19:23(631)]	Ready to connect anychatcoreserver  127.0.0.1....
[2015-07-10 16:19:24(161)]	Success connected to anychatcoreserver...
[2015-07-10 16:31:39(480)]	Invoke	BRAS_Release

[2015-07-10 19:40:12(337)]	AnyChat Server SDK Init,V5.2, Build Time:Jun  5 2015 21:57:57
[2015-07-10 19:40:12(394)]	Invoke	BRAS_InitSDK(0x0)
[2015-07-10 19:40:12(394)]	Ready to connect anychatcoreserver  127.0.0.1....
[2015-07-10 19:48:30(717)]	Success connected to anychatcoreserver...
[2015-07-10 19:58:52(778)]	Disconnected with the anychatcoreserver...
[2015-07-10 20:06:32(518)]	Success connected to anychatcoreserver...
[2015-07-10 20:34:46(558)]	Disconnected with the anychatcoreserver...
[2015-07-11 14:02:05(346)]	AnyChat Server SDK Init,V5.2, Build Time:Jun  5 2015 21:57:57
[2015-07-11 14:02:05(346)]	Invoke	BRAS_InitSDK(0x0)
[2015-07-11 14:02:05(346)]	Ready to connect anychatcoreserver  127.0.0.1....
[2015-07-11 14:02:05(867)]	Success connected to anychatcoreserver...
[2015-07-11 14:10:36(567)]	Invoke	BRAS_Release

[2015-07-13 10:31:40(535)]	AnyChat Server SDK Init,V5.2, Build Time:Jun  5 2015 21:57:57
[2015-07-13 10:31:40(541)]	Invoke	BRAS_InitSDK(0x0)
[2015-07-13 10:31:40(541)]	Ready to connect anychatcoreserver  127.0.0.1....
[2015-07-13 10:31:41(063)]	Success connected to anychatcoreserver...
[2015-07-13 10:34:13(124)]	AnyChat Server SDK Init,V5.2, Build Time:Jun  5 2015 21:57:57
[2015-07-13 10:34:13(124)]	Invoke	BRAS_InitSDK(0x0)
[2015-07-13 10:34:13(124)]	Ready to connect anychatcoreserver  127.0.0.1....
[2015-07-13 10:41:25(637)]	Invoke	BRAS_Release

[2015-07-13 10:41:32(607)]	AnyChat Server SDK Init,V5.2, Build Time:Jun  5 2015 21:57:57
[2015-07-13 10:41:32(607)]	Invoke	BRAS_InitSDK(0x0)
[2015-07-13 10:41:32(607)]	Ready to connect anychatcoreserver  127.0.0.1....
[2015-07-13 10:42:10(390)]	Invoke	BRAS_Release

[2015-07-13 10:42:49(961)]	Disconnected with the anychatcoreserver...
[2015-07-13 10:42:49(962)]	Success connected to anychatcoreserver...
[2015-07-13 10:44:33(030)]	AnyChat Server SDK Init,V5.2, Build Time:Jun  5 2015 21:57:57
[2015-07-13 10:44:33(030)]	Invoke	BRAS_InitSDK(0x0)
[2015-07-13 10:44:33(030)]	Ready to connect anychatcoreserver  127.0.0.1....
[2015-07-13 10:44:33(553)]	Success connected to anychatcoreserver...
[2015-07-13 10:47:51(645)]	Invoke	BRAS_Release

[2015-07-18 15:27:37(609)]	AnyChat Server SDK Init,V5.2, Build Time:Jun  5 2015 21:57:57
[2015-07-18 15:27:37(609)]	Invoke	BRAS_InitSDK(0x0)
[2015-07-18 15:27:37(609)]	Ready to connect anychatcoreserver  127.0.0.1....
[2015-07-18 15:27:38(135)]	Success connected to anychatcoreserver...
[2015-07-18 15:32:12(139)]	AnyChat Server SDK Init,V5.2, Build Time:Jun  5 2015 21:57:57
[2015-07-18 15:32:12(139)]	Invoke	BRAS_InitSDK(0x0)
[2015-07-18 15:32:12(139)]	Ready to connect anychatcoreserver  127.0.0.1....
[2015-07-18 15:39:29(885)]	Success connected to anychatcoreserver...
[2015-07-18 15:39:33(780)]	Disconnected with the anychatcoreserver...
[2015-07-18 15:39:38(040)]	Invoke	BRAS_Release

[2015-07-18 15:39:47(661)]	AnyChat Server SDK Init,V5.2, Build Time:Jun  5 2015 21:57:57
[2015-07-18 15:39:47(661)]	Invoke	BRAS_InitSDK(0x0)
[2015-07-18 15:39:47(661)]	Ready to connect anychatcoreserver  127.0.0.1....
[2015-07-18 15:40:17(229)]	AnyChat Server SDK Init,V5.2, Build Time:Jun  5 2015 21:57:57
[2015-07-18 15:40:17(229)]	Invoke	BRAS_InitSDK(0x0)
[2015-07-18 15:40:17(229)]	Ready to connect anychatcoreserver  127.0.0.1....
[2015-07-18 15:40:50(897)]	Success connected to anychatcoreserver...
[2015-07-18 15:48:49(187)]	Invoke	BRAS_Release

[2015-07-18 15:48:57(940)]	AnyChat Server SDK Init,V5.2, Build Time:Jun  5 2015 21:57:57
[2015-07-18 15:48:57(940)]	Invoke	BRAS_InitSDK(0x0)
[2015-07-18 15:48:57(940)]	Ready to connect anychatcoreserver  127.0.0.1....
[2015-07-18 15:50:13(106)]	Invoke	BRAS_Release

[2015-07-18 15:50:42(181)]	Disconnected with the anychatcoreserver...
[2015-07-18 15:52:32(095)]	AnyChat Server SDK Init,V5.2, Build Time:Jun  5 2015 21:57:57
[2015-07-18 15:52:32(095)]	Invoke	BRAS_InitSDK(0x0)
[2015-07-18 15:52:32(095)]	Ready to connect anychatcoreserver  127.0.0.1....
[2015-07-18 15:52:32(618)]	Success connected to anychatcoreserver...
[2015-07-18 16:15:51(969)]	Invoke	BRAS_Release

[2015-07-18 16:16:05(694)]	AnyChat Server SDK Init,V5.2, Build Time:Jun  5 2015 21:57:57
[2015-07-18 16:16:05(694)]	Invoke	BRAS_InitSDK(0x0)
[2015-07-18 16:16:05(694)]	Ready to connect anychatcoreserver  127.0.0.1....
[2015-07-18 16:16:05(695)]	Success connected to anychatcoreserver...
[2015-07-18 16:16:30(723)]	AnyChat Server SDK Init,V5.2, Build Time:Jun  5 2015 21:57:57
[2015-07-18 16:16:30(723)]	Invoke	BRAS_InitSDK(0x0)
[2015-07-18 16:16:30(724)]	Ready to connect anychatcoreserver  127.0.0.1....
[2015-07-18 16:37:54(242)]	Disconnected with the anychatcoreserver...
[2015-07-18 20:44:59(771)]	AnyChat Server SDK Init,V5.2, Build Time:Jun  5 2015 21:57:57
[2015-07-18 20:44:59(771)]	Invoke	BRAS_InitSDK(0x0)
[2015-07-18 20:44:59(771)]	Ready to connect anychatcoreserver  127.0.0.1....
[2015-07-18 20:55:38(579)]	Success connected to anychatcoreserver...
[2015-07-18 20:55:46(445)]	Disconnected with the anychatcoreserver...
[2015-07-19 14:11:17(762)]	AnyChat Server SDK Init,V5.2, Build Time:Jun  5 2015 21:57:57
[2015-07-19 14:11:17(762)]	Invoke	BRAS_InitSDK(0x0)
[2015-07-19 14:11:17(762)]	Ready to connect anychatcoreserver  127.0.0.1....
[2015-07-19 14:11:18(285)]	Success connected to anychatcoreserver...
[2015-07-19 19:47:51(786)]	AnyChat Server SDK Init,V5.2, Build Time:Jun  5 2015 21:57:57
[2015-07-19 19:47:51(786)]	Invoke	BRAS_InitSDK(0x0)
[2015-07-19 19:47:51(786)]	Ready to connect anychatcoreserver  127.0.0.1....
[2015-07-19 19:47:51(787)]	Success connected to anychatcoreserver...
[2015-07-19 19:58:41(396)]	AnyChat Server SDK Init,V5.2, Build Time:Jun  5 2015 21:57:57
[2015-07-19 19:58:41(397)]	Invoke	BRAS_InitSDK(0x0)
[2015-07-19 19:58:41(397)]	Ready to connect anychatcoreserver  127.0.0.1....
[2015-07-19 19:58:49(838)]	Invoke	BRAS_Release

[2015-07-24 21:16:36(416)]	AnyChat Server SDK Init,V5.2, Build Time:Jun  5 2015 21:57:57
[2015-07-24 21:16:36(416)]	Invoke	BRAS_InitSDK(0x0)
[2015-07-24 21:16:36(416)]	Ready to connect anychatcoreserver  127.0.0.1....
[2015-07-24 21:16:36(941)]	Success connected to anychatcoreserver...
[2015-07-26 15:16:29(078)]	AnyChat Server SDK Init,V5.2, Build Time:Jun  5 2015 21:57:57
[2015-07-26 15:16:29(078)]	Invoke	BRAS_InitSDK(0x0)
[2015-07-26 15:16:29(078)]	Ready to connect anychatcoreserver  127.0.0.1....
[2015-07-26 15:17:19(153)]	Success connected to anychatcoreserver...
[2015-07-27 10:40:03(846)]	AnyChat Server SDK Init,V5.2, Build Time:Jun  5 2015 21:57:57
[2015-07-27 10:40:03(846)]	Invoke	BRAS_InitSDK(0x0)
[2015-07-27 10:40:03(846)]	Ready to connect anychatcoreserver  127.0.0.1....
[2015-07-27 10:40:04(369)]	Success connected to anychatcoreserver...
[2015-07-28 09:11:44(306)]	Disconnected with the anychatcoreserver...
[2015-07-28 09:11:47(741)]	Success connected to anychatcoreserver...
[2015-07-28 11:28:09(683)]	Disconnected with the anychatcoreserver...
[2015-07-29 10:12:43(551)]	AnyChat Server SDK Init,V5.2, Build Time:Jun  5 2015 21:57:57
[2015-07-29 10:12:43(551)]	Invoke	BRAS_InitSDK(0x0)
[2015-07-29 10:12:43(551)]	Ready to connect anychatcoreserver  127.0.0.1....
[2015-07-29 10:12:44(074)]	Success connected to anychatcoreserver...
[2015-07-29 14:18:25(693)]	AnyChat Server SDK Init,V5.2, Build Time:Jun  5 2015 21:57:57
[2015-07-29 14:18:25(693)]	Invoke	BRAS_InitSDK(0x0)
[2015-07-29 14:18:25(693)]	Ready to connect anychatcoreserver  127.0.0.1....
[2015-07-29 14:18:25(694)]	Success connected to anychatcoreserver...
[2015-07-29 16:49:11(611)]	Invoke	BRAS_Release

